app/build/intermediates/manifest_merge_blame_file/debug/processDebugMainManifest/manifest-merger-blame-debug-report.txt
1<?xml version="1.0" encoding="utf-8"?>
2<manifest xmlns:android="http://schemas.android.com/apk/res/android"
3    package="com.example.proyect001"
4    android:versionCode="1"
5    android:versionName="1.0" >
6
7    <uses-sdk
8        android:minSdkVersion="24"
9        android:targetSdkVersion="34" />
10
11    <uses-permission android:name="android.permission.INTERNET" />
11-->src\main\AndroidManifest.xml:5:5-67
11-->src\main\AndroidManifest.xml:5:22-64
12    <uses-permission android:name="android.permission.READ_EXTERNAL_STORAGE" />
12-->src\main\AndroidManifest.xml:6:5-80
12-->src\main\AndroidManifest.xml:6:22-77
13    <uses-permission android:name="android.permission.WRITE_EXTERNAL_STORAGE" />
13-->src\main\AndroidManifest.xml:7:5-81
13-->src\main\AndroidManifest.xml:7:22-78
14    <uses-permission android:name="android.permission.ACCESS_NETWORK_STATE" />
14-->[com.google.firebase:firebase-auth:23.2.0] AndroidManifest.xml:26:5-79
14-->[com.google.firebase:firebase-auth:23.2.0] AndroidManifest.xml:26:22-76
15    <uses-permission android:name="com.google.android.providers.gsf.permission.READ_GSERVICES" />
15-->[com.google.android.recaptcha:recaptcha:18.6.1] AndroidManifest.xml:9:5-98
15-->[com.google.android.recaptcha:recaptcha:18.6.1] AndroidManifest.xml:9:22-95
16    <uses-permission android:name="android.permission.WAKE_LOCK" />
16-->[com.google.android.gms:play-services-measurement-api:21.3.0] AndroidManifest.xml:24:5-68
16-->[com.google.android.gms:play-services-measurement-api:21.3.0] AndroidManifest.xml:24:22-65
17    <uses-permission android:name="com.google.android.gms.permission.AD_ID" />
17-->[com.google.android.gms:play-services-measurement-api:21.3.0] AndroidManifest.xml:25:5-79
17-->[com.google.android.gms:play-services-measurement-api:21.3.0] AndroidManifest.xml:25:22-76
18    <uses-permission android:name="com.google.android.finsky.permission.BIND_GET_INSTALL_REFERRER_SERVICE" />
18-->[com.google.android.gms:play-services-measurement:21.3.0] AndroidManifest.xml:26:5-110
18-->[com.google.android.gms:play-services-measurement:21.3.0] AndroidManifest.xml:26:22-107
19
20    <permission
20-->[androidx.core:core:1.12.0] AndroidManifest.xml:22:5-24:47
21        android:name="com.example.proyect001.DYNAMIC_RECEIVER_NOT_EXPORTED_PERMISSION"
21-->[androidx.core:core:1.12.0] AndroidManifest.xml:23:9-81
22        android:protectionLevel="signature" />
22-->[androidx.core:core:1.12.0] AndroidManifest.xml:24:9-44
23
24    <uses-permission android:name="com.example.proyect001.DYNAMIC_RECEIVER_NOT_EXPORTED_PERMISSION" />
24-->[androidx.core:core:1.12.0] AndroidManifest.xml:26:5-97
24-->[androidx.core:core:1.12.0] AndroidManifest.xml:26:22-94
25
26    <application
26-->src\main\AndroidManifest.xml:9:5-104:19
27        android:allowBackup="true"
27-->src\main\AndroidManifest.xml:10:9-35
28        android:appComponentFactory="androidx.core.app.CoreComponentFactory"
28-->[androidx.core:core:1.12.0] AndroidManifest.xml:28:18-86
29        android:dataExtractionRules="@xml/data_extraction_rules"
29-->src\main\AndroidManifest.xml:11:9-65
30        android:debuggable="true"
31        android:extractNativeLibs="false"
32        android:fullBackupContent="@xml/backup_rules"
32-->src\main\AndroidManifest.xml:12:9-54
33        android:icon="@mipmap/ic_launcher"
33-->src\main\AndroidManifest.xml:13:9-43
34        android:label="@string/app_name"
34-->src\main\AndroidManifest.xml:14:9-41
35        android:roundIcon="@mipmap/ic_launcher_round"
35-->src\main\AndroidManifest.xml:15:9-54
36        android:supportsRtl="true"
36-->src\main\AndroidManifest.xml:16:9-35
37        android:testOnly="true"
38        android:theme="@style/Base.Theme.ProyectO01" >
38-->src\main\AndroidManifest.xml:17:9-53
39        <activity
39-->src\main\AndroidManifest.xml:19:9-21:40
40            android:name="com.example.proyect001.Cliente.Item_Cliente"
40-->src\main\AndroidManifest.xml:20:13-49
41            android:exported="false" />
41-->src\main\AndroidManifest.xml:21:13-37
42        <activity
42-->src\main\AndroidManifest.xml:22:9-24:40
43            android:name="com.example.proyect001.Cliente.AgregarCliente"
43-->src\main\AndroidManifest.xml:23:13-51
44            android:exported="false" />
44-->src\main\AndroidManifest.xml:24:13-37
45        <activity
45-->src\main\AndroidManifest.xml:25:9-27:40
46            android:name="com.example.proyect001.Cliente.ListaCliente"
46-->src\main\AndroidManifest.xml:26:13-49
47            android:exported="false" />
47-->src\main\AndroidManifest.xml:27:13-37
48        <activity
48-->src\main\AndroidManifest.xml:28:9-30:40
49            android:name="com.example.proyect001.Datos.DatosActivity"
49-->src\main\AndroidManifest.xml:29:13-48
50            android:exported="false" />
50-->src\main\AndroidManifest.xml:30:13-37
51        <activity
51-->src\main\AndroidManifest.xml:31:9-33:40
52            android:name="com.example.proyect001.Favoritos.FavoritosActivity"
52-->src\main\AndroidManifest.xml:32:13-56
53            android:exported="false" />
53-->src\main\AndroidManifest.xml:33:13-37
54        <activity
54-->src\main\AndroidManifest.xml:34:9-36:40
55            android:name="com.example.proyect001.Listatareas.ListaActivity"
55-->src\main\AndroidManifest.xml:35:13-54
56            android:exported="false" />
56-->src\main\AndroidManifest.xml:36:13-37
57        <activity
57-->src\main\AndroidManifest.xml:37:9-39:40
58            android:name="com.example.proyect001.Tareas.TareaActivity"
58-->src\main\AndroidManifest.xml:38:13-49
59            android:exported="false" />
59-->src\main\AndroidManifest.xml:39:13-37
60        <activity
60-->src\main\AndroidManifest.xml:40:9-42:40
61            android:name="com.example.proyect001.Gastos.GastosActivity"
61-->src\main\AndroidManifest.xml:41:13-50
62            android:exported="false" />
62-->src\main\AndroidManifest.xml:42:13-37
63        <activity
63-->src\main\AndroidManifest.xml:43:9-45:40
64            android:name="com.example.proyect001.Empresa.EmpresaActivity"
64-->src\main\AndroidManifest.xml:44:13-52
65            android:exported="false" />
65-->src\main\AndroidManifest.xml:45:13-37
66        <activity
66-->src\main\AndroidManifest.xml:46:9-48:40
67            android:name="com.example.proyect001.Datosusuario"
67-->src\main\AndroidManifest.xml:47:13-41
68            android:exported="false" />
68-->src\main\AndroidManifest.xml:48:13-37
69        <activity
69-->src\main\AndroidManifest.xml:49:9-51:40
70            android:name="com.example.proyect001.Editarusuario"
70-->src\main\AndroidManifest.xml:50:13-42
71            android:exported="false" />
71-->src\main\AndroidManifest.xml:51:13-37
72        <activity
72-->src\main\AndroidManifest.xml:52:9-54:39
73            android:name="com.example.proyect001.Dashboard3"
73-->src\main\AndroidManifest.xml:53:13-39
74            android:exported="true" />
74-->src\main\AndroidManifest.xml:54:13-36
75        <activity
75-->src\main\AndroidManifest.xml:55:9-57:40
76            android:name="com.example.proyect001.Tratamiento"
76-->src\main\AndroidManifest.xml:56:13-40
77            android:exported="false" />
77-->src\main\AndroidManifest.xml:57:13-37
78        <activity
78-->src\main\AndroidManifest.xml:58:9-60:40
79            android:name="com.example.proyect001.Contacto"
79-->src\main\AndroidManifest.xml:59:13-37
80            android:exported="false" />
80-->src\main\AndroidManifest.xml:60:13-37
81        <activity
81-->src\main\AndroidManifest.xml:61:9-63:40
82            android:name="com.example.proyect001.Promocion"
82-->src\main\AndroidManifest.xml:62:13-38
83            android:exported="false" />
83-->src\main\AndroidManifest.xml:63:13-37
84        <activity
84-->src\main\AndroidManifest.xml:64:9-66:40
85            android:name="com.example.proyect001.Especialista"
85-->src\main\AndroidManifest.xml:65:13-41
86            android:exported="false" />
86-->src\main\AndroidManifest.xml:66:13-37
87        <activity
87-->src\main\AndroidManifest.xml:67:9-69:40
88            android:name="com.example.proyect001.Blog"
88-->src\main\AndroidManifest.xml:68:13-33
89            android:exported="false" />
89-->src\main\AndroidManifest.xml:69:13-37
90        <activity
90-->src\main\AndroidManifest.xml:70:9-72:40
91            android:name="com.example.proyect001.DashboardActivity2"
91-->src\main\AndroidManifest.xml:71:13-47
92            android:exported="false" />
92-->src\main\AndroidManifest.xml:72:13-37
93        <activity
93-->src\main\AndroidManifest.xml:73:9-82:20
94            android:name="com.example.proyect001.Registro1Activity"
94-->src\main\AndroidManifest.xml:74:13-46
95            android:exported="true"
95-->src\main\AndroidManifest.xml:75:13-36
96            android:windowSoftInputMode="adjustResize" >
96-->src\main\AndroidManifest.xml:76:13-55
97            <intent-filter>
97-->src\main\AndroidManifest.xml:77:13-81:29
98                <action android:name="android.intent.action.MAIN" />
98-->src\main\AndroidManifest.xml:78:17-69
98-->src\main\AndroidManifest.xml:78:25-66
99
100                <category android:name="android.intent.category.DEFAULT" />
100-->src\main\AndroidManifest.xml:80:17-76
100-->src\main\AndroidManifest.xml:80:27-73
101            </intent-filter>
102        </activity>
103        <activity
103-->src\main\AndroidManifest.xml:83:9-85:40
104            android:name="com.example.proyect001.RegistrouActivity"
104-->src\main\AndroidManifest.xml:84:13-46
105            android:exported="false" />
105-->src\main\AndroidManifest.xml:85:13-37
106        <activity
106-->src\main\AndroidManifest.xml:86:9-94:20
107            android:name="com.example.proyect001.PrecargadoActivity"
107-->src\main\AndroidManifest.xml:87:13-47
108            android:exported="true" >
108-->src\main\AndroidManifest.xml:88:13-36
109            <intent-filter>
109-->src\main\AndroidManifest.xml:89:13-93:29
110                <action android:name="android.intent.action.MAIN" />
110-->src\main\AndroidManifest.xml:78:17-69
110-->src\main\AndroidManifest.xml:78:25-66
111
112                <category android:name="android.intent.category.LAUNCHER" />
112-->src\main\AndroidManifest.xml:92:17-77
112-->src\main\AndroidManifest.xml:92:27-74
113            </intent-filter>
114        </activity>
115        <activity
115-->src\main\AndroidManifest.xml:95:9-103:20
116            android:name="com.example.proyect001.MainActivity"
116-->src\main\AndroidManifest.xml:96:13-41
117            android:exported="true" >
117-->src\main\AndroidManifest.xml:97:13-36
118            <intent-filter>
118-->src\main\AndroidManifest.xml:77:13-81:29
119                <action android:name="android.intent.action.MAIN" />
119-->src\main\AndroidManifest.xml:78:17-69
119-->src\main\AndroidManifest.xml:78:25-66
120
121                <category android:name="android.intent.category.DEFAULT" />
121-->src\main\AndroidManifest.xml:80:17-76
121-->src\main\AndroidManifest.xml:80:27-73
122            </intent-filter>
123        </activity>
124        <activity
124-->[com.google.firebase:firebase-auth:23.2.0] AndroidManifest.xml:29:9-46:20
125            android:name="com.google.firebase.auth.internal.GenericIdpActivity"
125-->[com.google.firebase:firebase-auth:23.2.0] AndroidManifest.xml:30:13-80
126            android:excludeFromRecents="true"
126-->[com.google.firebase:firebase-auth:23.2.0] AndroidManifest.xml:31:13-46
127            android:exported="true"
127-->[com.google.firebase:firebase-auth:23.2.0] AndroidManifest.xml:32:13-36
128            android:launchMode="singleTask"
128-->[com.google.firebase:firebase-auth:23.2.0] AndroidManifest.xml:33:13-44
129            android:theme="@android:style/Theme.Translucent.NoTitleBar" >
129-->[com.google.firebase:firebase-auth:23.2.0] AndroidManifest.xml:34:13-72
130            <intent-filter>
130-->[com.google.firebase:firebase-auth:23.2.0] AndroidManifest.xml:35:13-45:29
131                <action android:name="android.intent.action.VIEW" />
131-->[com.google.firebase:firebase-auth:23.2.0] AndroidManifest.xml:36:17-69
131-->[com.google.firebase:firebase-auth:23.2.0] AndroidManifest.xml:36:25-66
132
133                <category android:name="android.intent.category.DEFAULT" />
133-->src\main\AndroidManifest.xml:80:17-76
133-->src\main\AndroidManifest.xml:80:27-73
134                <category android:name="android.intent.category.BROWSABLE" />
134-->[com.google.firebase:firebase-auth:23.2.0] AndroidManifest.xml:39:17-78
134-->[com.google.firebase:firebase-auth:23.2.0] AndroidManifest.xml:39:27-75
135
136                <data
136-->[com.google.firebase:firebase-auth:23.2.0] AndroidManifest.xml:41:17-44:51
137                    android:host="firebase.auth"
137-->[com.google.firebase:firebase-auth:23.2.0] AndroidManifest.xml:42:21-49
138                    android:path="/"
138-->[com.google.firebase:firebase-auth:23.2.0] AndroidManifest.xml:43:21-37
139                    android:scheme="genericidp" />
139-->[com.google.firebase:firebase-auth:23.2.0] AndroidManifest.xml:44:21-48
140            </intent-filter>
141        </activity>
142        <activity
142-->[com.google.firebase:firebase-auth:23.2.0] AndroidManifest.xml:47:9-64:20
143            android:name="com.google.firebase.auth.internal.RecaptchaActivity"
143-->[com.google.firebase:firebase-auth:23.2.0] AndroidManifest.xml:48:13-79
144            android:excludeFromRecents="true"
144-->[com.google.firebase:firebase-auth:23.2.0] AndroidManifest.xml:49:13-46
145            android:exported="true"
145-->[com.google.firebase:firebase-auth:23.2.0] AndroidManifest.xml:50:13-36
146            android:launchMode="singleTask"
146-->[com.google.firebase:firebase-auth:23.2.0] AndroidManifest.xml:51:13-44
147            android:theme="@android:style/Theme.Translucent.NoTitleBar" >
147-->[com.google.firebase:firebase-auth:23.2.0] AndroidManifest.xml:52:13-72
148            <intent-filter>
148-->[com.google.firebase:firebase-auth:23.2.0] AndroidManifest.xml:53:13-63:29
149                <action android:name="android.intent.action.VIEW" />
149-->[com.google.firebase:firebase-auth:23.2.0] AndroidManifest.xml:36:17-69
149-->[com.google.firebase:firebase-auth:23.2.0] AndroidManifest.xml:36:25-66
150
151                <category android:name="android.intent.category.DEFAULT" />
151-->src\main\AndroidManifest.xml:80:17-76
151-->src\main\AndroidManifest.xml:80:27-73
152                <category android:name="android.intent.category.BROWSABLE" />
152-->[com.google.firebase:firebase-auth:23.2.0] AndroidManifest.xml:39:17-78
152-->[com.google.firebase:firebase-auth:23.2.0] AndroidManifest.xml:39:27-75
153
154                <data
154-->[com.google.firebase:firebase-auth:23.2.0] AndroidManifest.xml:41:17-44:51
155                    android:host="firebase.auth"
155-->[com.google.firebase:firebase-auth:23.2.0] AndroidManifest.xml:42:21-49
156                    android:path="/"
156-->[com.google.firebase:firebase-auth:23.2.0] AndroidManifest.xml:43:21-37
157                    android:scheme="recaptcha" />
157-->[com.google.firebase:firebase-auth:23.2.0] AndroidManifest.xml:44:21-48
158            </intent-filter>
159        </activity>
160
161        <service
161-->[com.google.firebase:firebase-auth:23.2.0] AndroidManifest.xml:66:9-72:19
162            android:name="com.google.firebase.components.ComponentDiscoveryService"
162-->[com.google.firebase:firebase-auth:23.2.0] AndroidManifest.xml:67:13-84
163            android:directBootAware="true"
163-->[com.google.firebase:firebase-common:21.0.0] AndroidManifest.xml:32:13-43
164            android:exported="false" >
164-->[com.google.firebase:firebase-auth:23.2.0] AndroidManifest.xml:68:13-37
165            <meta-data
165-->[com.google.firebase:firebase-auth:23.2.0] AndroidManifest.xml:69:13-71:85
166                android:name="com.google.firebase.components:com.google.firebase.auth.FirebaseAuthRegistrar"
166-->[com.google.firebase:firebase-auth:23.2.0] AndroidManifest.xml:70:17-109
167                android:value="com.google.firebase.components.ComponentRegistrar" />
167-->[com.google.firebase:firebase-auth:23.2.0] AndroidManifest.xml:71:17-82
168            <meta-data
168-->[com.google.firebase:firebase-database:20.2.2] AndroidManifest.xml:31:13-33:85
169                android:name="com.google.firebase.components:com.google.firebase.database.DatabaseRegistrar"
169-->[com.google.firebase:firebase-database:20.2.2] AndroidManifest.xml:32:17-109
170                android:value="com.google.firebase.components.ComponentRegistrar" />
170-->[com.google.firebase:firebase-database:20.2.2] AndroidManifest.xml:33:17-82
171            <meta-data
171-->[com.google.firebase:firebase-storage:21.0.1] AndroidManifest.xml:30:13-32:85
172                android:name="com.google.firebase.components:com.google.firebase.storage.FirebaseStorageKtxRegistrar"
172-->[com.google.firebase:firebase-storage:21.0.1] AndroidManifest.xml:31:17-118
173                android:value="com.google.firebase.components.ComponentRegistrar" />
173-->[com.google.firebase:firebase-storage:21.0.1] AndroidManifest.xml:32:17-82
174            <meta-data
174-->[com.google.firebase:firebase-storage:21.0.1] AndroidManifest.xml:33:13-35:85
175                android:name="com.google.firebase.components:com.google.firebase.storage.StorageRegistrar"
175-->[com.google.firebase:firebase-storage:21.0.1] AndroidManifest.xml:34:17-107
176                android:value="com.google.firebase.components.ComponentRegistrar" />
176-->[com.google.firebase:firebase-storage:21.0.1] AndroidManifest.xml:35:17-82
177            <meta-data
177-->[com.google.firebase:firebase-appcheck:17.1.0] AndroidManifest.xml:25:13-27:85
178                android:name="com.google.firebase.components:com.google.firebase.appcheck.FirebaseAppCheckKtxRegistrar"
178-->[com.google.firebase:firebase-appcheck:17.1.0] AndroidManifest.xml:26:17-120
179                android:value="com.google.firebase.components.ComponentRegistrar" />
179-->[com.google.firebase:firebase-appcheck:17.1.0] AndroidManifest.xml:27:17-82
180            <meta-data
180-->[com.google.firebase:firebase-appcheck:17.1.0] AndroidManifest.xml:28:13-30:85
181                android:name="com.google.firebase.components:com.google.firebase.appcheck.FirebaseAppCheckRegistrar"
181-->[com.google.firebase:firebase-appcheck:17.1.0] AndroidManifest.xml:29:17-117
182                android:value="com.google.firebase.components.ComponentRegistrar" />
182-->[com.google.firebase:firebase-appcheck:17.1.0] AndroidManifest.xml:30:17-82
183            <meta-data
183-->[com.google.firebase:firebase-common-ktx:21.0.0] AndroidManifest.xml:12:13-14:85
184                android:name="com.google.firebase.components:com.google.firebase.ktx.FirebaseCommonLegacyRegistrar"
184-->[com.google.firebase:firebase-common-ktx:21.0.0] AndroidManifest.xml:13:17-116
185                android:value="com.google.firebase.components.ComponentRegistrar" />
185-->[com.google.firebase:firebase-common-ktx:21.0.0] AndroidManifest.xml:14:17-82
186            <meta-data
186-->[com.google.android.gms:play-services-measurement-api:21.3.0] AndroidManifest.xml:31:13-33:85
187                android:name="com.google.firebase.components:com.google.firebase.analytics.connector.internal.AnalyticsConnectorRegistrar"
187-->[com.google.android.gms:play-services-measurement-api:21.3.0] AndroidManifest.xml:32:17-139
188                android:value="com.google.firebase.components.ComponentRegistrar" />
188-->[com.google.android.gms:play-services-measurement-api:21.3.0] AndroidManifest.xml:33:17-82
189            <meta-data
189-->[com.google.firebase:firebase-installations:17.0.1] AndroidManifest.xml:18:13-20:85
190                android:name="com.google.firebase.components:com.google.firebase.installations.FirebaseInstallationsRegistrar"
190-->[com.google.firebase:firebase-installations:17.0.1] AndroidManifest.xml:19:17-127
191                android:value="com.google.firebase.components.ComponentRegistrar" />
191-->[com.google.firebase:firebase-installations:17.0.1] AndroidManifest.xml:20:17-82
192            <meta-data
192-->[com.google.firebase:firebase-common:21.0.0] AndroidManifest.xml:35:13-37:85
193                android:name="com.google.firebase.components:com.google.firebase.FirebaseCommonKtxRegistrar"
193-->[com.google.firebase:firebase-common:21.0.0] AndroidManifest.xml:36:17-109
194                android:value="com.google.firebase.components.ComponentRegistrar" />
194-->[com.google.firebase:firebase-common:21.0.0] AndroidManifest.xml:37:17-82
195        </service>
196        <service
196-->[androidx.credentials:credentials-play-services-auth:1.2.0-rc01] AndroidManifest.xml:24:9-32:19
197            android:name="androidx.credentials.playservices.CredentialProviderMetadataHolder"
197-->[androidx.credentials:credentials-play-services-auth:1.2.0-rc01] AndroidManifest.xml:25:13-94
198            android:enabled="true"
198-->[androidx.credentials:credentials-play-services-auth:1.2.0-rc01] AndroidManifest.xml:26:13-35
199            android:exported="false" >
199-->[androidx.credentials:credentials-play-services-auth:1.2.0-rc01] AndroidManifest.xml:27:13-37
200            <meta-data
200-->[androidx.credentials:credentials-play-services-auth:1.2.0-rc01] AndroidManifest.xml:29:13-31:104
201                android:name="androidx.credentials.CREDENTIAL_PROVIDER_KEY"
201-->[androidx.credentials:credentials-play-services-auth:1.2.0-rc01] AndroidManifest.xml:30:17-76
202                android:value="androidx.credentials.playservices.CredentialProviderPlayServicesImpl" />
202-->[androidx.credentials:credentials-play-services-auth:1.2.0-rc01] AndroidManifest.xml:31:17-101
203        </service>
204
205        <activity
205-->[androidx.credentials:credentials-play-services-auth:1.2.0-rc01] AndroidManifest.xml:34:9-41:20
206            android:name="androidx.credentials.playservices.HiddenActivity"
206-->[androidx.credentials:credentials-play-services-auth:1.2.0-rc01] AndroidManifest.xml:35:13-76
207            android:configChanges="orientation|screenSize|screenLayout|keyboardHidden"
207-->[androidx.credentials:credentials-play-services-auth:1.2.0-rc01] AndroidManifest.xml:36:13-87
208            android:enabled="true"
208-->[androidx.credentials:credentials-play-services-auth:1.2.0-rc01] AndroidManifest.xml:37:13-35
209            android:exported="false"
209-->[androidx.credentials:credentials-play-services-auth:1.2.0-rc01] AndroidManifest.xml:38:13-37
210            android:fitsSystemWindows="true"
210-->[androidx.credentials:credentials-play-services-auth:1.2.0-rc01] AndroidManifest.xml:39:13-45
211            android:theme="@style/Theme.Hidden" >
211-->[androidx.credentials:credentials-play-services-auth:1.2.0-rc01] AndroidManifest.xml:40:13-48
212        </activity>
213        <activity
213-->[com.google.android.gms:play-services-auth:20.7.0] AndroidManifest.xml:23:9-27:75
214            android:name="com.google.android.gms.auth.api.signin.internal.SignInHubActivity"
214-->[com.google.android.gms:play-services-auth:20.7.0] AndroidManifest.xml:24:13-93
215            android:excludeFromRecents="true"
215-->[com.google.android.gms:play-services-auth:20.7.0] AndroidManifest.xml:25:13-46
216            android:exported="false"
216-->[com.google.android.gms:play-services-auth:20.7.0] AndroidManifest.xml:26:13-37
217            android:theme="@android:style/Theme.Translucent.NoTitleBar" />
217-->[com.google.android.gms:play-services-auth:20.7.0] AndroidManifest.xml:27:13-72
218        <!--
219            Service handling Google Sign-In user revocation. For apps that do not integrate with
220            Google Sign-In, this service will never be started.
221        -->
222        <service
222-->[com.google.android.gms:play-services-auth:20.7.0] AndroidManifest.xml:33:9-37:51
223            android:name="com.google.android.gms.auth.api.signin.RevocationBoundService"
223-->[com.google.android.gms:play-services-auth:20.7.0] AndroidManifest.xml:34:13-89
224            android:exported="true"
224-->[com.google.android.gms:play-services-auth:20.7.0] AndroidManifest.xml:35:13-36
225            android:permission="com.google.android.gms.auth.api.signin.permission.REVOCATION_NOTIFICATION"
225-->[com.google.android.gms:play-services-auth:20.7.0] AndroidManifest.xml:36:13-107
226            android:visibleToInstantApps="true" />
226-->[com.google.android.gms:play-services-auth:20.7.0] AndroidManifest.xml:37:13-48
227
228        <provider
228-->[com.google.firebase:firebase-common:21.0.0] AndroidManifest.xml:23:9-28:39
229            android:name="com.google.firebase.provider.FirebaseInitProvider"
229-->[com.google.firebase:firebase-common:21.0.0] AndroidManifest.xml:24:13-77
230            android:authorities="com.example.proyect001.firebaseinitprovider"
230-->[com.google.firebase:firebase-common:21.0.0] AndroidManifest.xml:25:13-72
231            android:directBootAware="true"
231-->[com.google.firebase:firebase-common:21.0.0] AndroidManifest.xml:26:13-43
232            android:exported="false"
232-->[com.google.firebase:firebase-common:21.0.0] AndroidManifest.xml:27:13-37
233            android:initOrder="100" />
233-->[com.google.firebase:firebase-common:21.0.0] AndroidManifest.xml:28:13-36
234
235        <activity
235-->[com.google.android.gms:play-services-base:18.1.0] AndroidManifest.xml:20:9-22:45
236            android:name="com.google.android.gms.common.api.GoogleApiActivity"
236-->[com.google.android.gms:play-services-base:18.1.0] AndroidManifest.xml:20:19-85
237            android:exported="false"
237-->[com.google.android.gms:play-services-base:18.1.0] AndroidManifest.xml:22:19-43
238            android:theme="@android:style/Theme.Translucent.NoTitleBar" />
238-->[com.google.android.gms:play-services-base:18.1.0] AndroidManifest.xml:21:19-78
239
240        <receiver
240-->[com.google.android.gms:play-services-measurement:21.3.0] AndroidManifest.xml:29:9-33:20
241            android:name="com.google.android.gms.measurement.AppMeasurementReceiver"
241-->[com.google.android.gms:play-services-measurement:21.3.0] AndroidManifest.xml:30:13-85
242            android:enabled="true"
242-->[com.google.android.gms:play-services-measurement:21.3.0] AndroidManifest.xml:31:13-35
243            android:exported="false" >
243-->[com.google.android.gms:play-services-measurement:21.3.0] AndroidManifest.xml:32:13-37
244        </receiver>
245
246        <service
246-->[com.google.android.gms:play-services-measurement:21.3.0] AndroidManifest.xml:35:9-38:40
247            android:name="com.google.android.gms.measurement.AppMeasurementService"
247-->[com.google.android.gms:play-services-measurement:21.3.0] AndroidManifest.xml:36:13-84
248            android:enabled="true"
248-->[com.google.android.gms:play-services-measurement:21.3.0] AndroidManifest.xml:37:13-35
249            android:exported="false" />
249-->[com.google.android.gms:play-services-measurement:21.3.0] AndroidManifest.xml:38:13-37
250        <service
250-->[com.google.android.gms:play-services-measurement:21.3.0] AndroidManifest.xml:39:9-43:72
251            android:name="com.google.android.gms.measurement.AppMeasurementJobService"
251-->[com.google.android.gms:play-services-measurement:21.3.0] AndroidManifest.xml:40:13-87
252            android:enabled="true"
252-->[com.google.android.gms:play-services-measurement:21.3.0] AndroidManifest.xml:41:13-35
253            android:exported="false"
253-->[com.google.android.gms:play-services-measurement:21.3.0] AndroidManifest.xml:42:13-37
254            android:permission="android.permission.BIND_JOB_SERVICE" />
254-->[com.google.android.gms:play-services-measurement:21.3.0] AndroidManifest.xml:43:13-69
255
256        <provider
256-->[androidx.emoji2:emoji2:1.2.0] AndroidManifest.xml:24:9-32:20
257            android:name="androidx.startup.InitializationProvider"
257-->[androidx.emoji2:emoji2:1.2.0] AndroidManifest.xml:25:13-67
258            android:authorities="com.example.proyect001.androidx-startup"
258-->[androidx.emoji2:emoji2:1.2.0] AndroidManifest.xml:26:13-68
259            android:exported="false" >
259-->[androidx.emoji2:emoji2:1.2.0] AndroidManifest.xml:27:13-37
260            <meta-data
260-->[androidx.emoji2:emoji2:1.2.0] AndroidManifest.xml:29:13-31:52
261                android:name="androidx.emoji2.text.EmojiCompatInitializer"
261-->[androidx.emoji2:emoji2:1.2.0] AndroidManifest.xml:30:17-75
262                android:value="androidx.startup" />
262-->[androidx.emoji2:emoji2:1.2.0] AndroidManifest.xml:31:17-49
263            <meta-data
263-->[androidx.lifecycle:lifecycle-process:2.6.1] AndroidManifest.xml:29:13-31:52
264                android:name="androidx.lifecycle.ProcessLifecycleInitializer"
264-->[androidx.lifecycle:lifecycle-process:2.6.1] AndroidManifest.xml:30:17-78
265                android:value="androidx.startup" />
265-->[androidx.lifecycle:lifecycle-process:2.6.1] AndroidManifest.xml:31:17-49
266            <meta-data
266-->[androidx.profileinstaller:profileinstaller:1.3.0] AndroidManifest.xml:29:13-31:52
267                android:name="androidx.profileinstaller.ProfileInstallerInitializer"
267-->[androidx.profileinstaller:profileinstaller:1.3.0] AndroidManifest.xml:30:17-85
268                android:value="androidx.startup" />
268-->[androidx.profileinstaller:profileinstaller:1.3.0] AndroidManifest.xml:31:17-49
269        </provider>
270
271        <meta-data
271-->[com.google.android.gms:play-services-basement:18.4.0] AndroidManifest.xml:6:9-122
272            android:name="com.google.android.gms.version"
272-->[com.google.android.gms:play-services-basement:18.4.0] AndroidManifest.xml:6:20-65
273            android:value="@integer/google_play_services_version" />
273-->[com.google.android.gms:play-services-basement:18.4.0] AndroidManifest.xml:6:66-119
274
275        <receiver
275-->[androidx.profileinstaller:profileinstaller:1.3.0] AndroidManifest.xml:34:9-52:20